<?xml version="1.0" encoding="UTF-8"?>
<!-- Generated by org.testng.reporters.JUnitReportReporter -->
<testsuite skipped="0" hostname="DESKTOP-QTN1F52" name="com.openMRS.testcases.LoginPageTestCases" tests="1" failures="0" timestamp="12 Oct 2020 14:42:42 GMT" time="32.372" errors="0">
  <testcase name="LoginOPenMRS" time="32.372" classname="com.openMRS.testcases.LoginPageTestCases"/>
</testsuite> <!-- com.openMRS.testcases.LoginPageTestCases -->
